2025-04-15 12:45:45,673 - INFO - Successfully loaded returns data from data/processed/sector_returns.csv
2025-04-15 12:45:45,673 - INFO - Shape: (1653, 11)
2025-04-15 12:46:26,256 - INFO - Successfully loaded returns data from data/processed/sector_returns.csv
2025-04-15 12:46:26,256 - INFO - Shape: (1653, 11)
2025-04-15 12:46:26,268 - INFO - Rebalancing on 2018-12-31
2025-04-15 12:46:26,268 - INFO - Selected assets: ['XLU']
2025-04-15 12:46:26,268 - INFO - Portfolio weights: {'XLU': 0.2}
2025-04-15 12:46:26,319 - INFO - Rebalancing on 2019-09-30
2025-04-15 12:46:26,319 - INFO - Selected assets: ['XLU', 'XLRE', 'XLP', 'XLK', 'XLF', 'XLY', 'XLI', 'XLC']
2025-04-15 12:46:26,319 - INFO - Portfolio weights: {'XLU': 0.125, 'XLRE': 0.125, 'XLP': 0.125, 'XLK': 0.125, 'XLF': 0.125, 'XLY': 0.125, 'XLI': 0.125, 'XLC': 0.125}
2025-04-15 12:46:26,368 - INFO - Rebalancing on 2019-12-31
2025-04-15 12:46:26,368 - INFO - Selected assets: ['XLV', 'XLK', 'XLF', 'XLC', 'XLI', 'XLB', 'XLE', 'XLY', 'XLP', 'XLU']
2025-04-15 12:46:26,368 - INFO - Portfolio weights: {'XLV': 0.1, 'XLK': 0.1, 'XLF': 0.1, 'XLC': 0.1, 'XLI': 0.1, 'XLB': 0.1, 'XLE': 0.1, 'XLY': 0.1, 'XLP': 0.1, 'XLU': 0.1}
2025-04-15 12:46:26,423 - WARNING - No assets with positive returns found. Selecting randomly.
2025-04-15 12:46:26,423 - INFO - Rebalancing on 2020-03-31
2025-04-15 12:46:26,423 - INFO - Selected assets: ['XLK', 'XLV', 'XLRE', 'XLF', 'XLB']
2025-04-15 12:46:26,423 - INFO - Portfolio weights: {'XLK': 0.2, 'XLV': 0.2, 'XLRE': 0.2, 'XLF': 0.2, 'XLB': 0.2}
2025-04-15 12:46:26,485 - INFO - Rebalancing on 2020-06-30
2025-04-15 12:46:26,485 - INFO - Selected assets: ['XLE', 'XLY', 'XLK', 'XLB', 'XLC', 'XLI', 'XLV', 'XLRE', 'XLF', 'XLP']
2025-04-15 12:46:26,485 - INFO - Portfolio weights: {'XLE': 0.1, 'XLY': 0.1, 'XLK': 0.1, 'XLB': 0.1, 'XLC': 0.1, 'XLI': 0.1, 'XLV': 0.1, 'XLRE': 0.1, 'XLF': 0.1, 'XLP': 0.1}
2025-04-15 12:46:26,554 - INFO - Rebalancing on 2020-09-30
2025-04-15 12:46:26,554 - INFO - Selected assets: ['XLY', 'XLI', 'XLB', 'XLK', 'XLC', 'XLP', 'XLU', 'XLV', 'XLF', 'XLRE']
2025-04-15 12:46:26,554 - INFO - Portfolio weights: {'XLY': 0.1, 'XLI': 0.1, 'XLB': 0.1, 'XLK': 0.1, 'XLC': 0.1, 'XLP': 0.1, 'XLU': 0.1, 'XLV': 0.1, 'XLF': 0.1, 'XLRE': 0.1}
2025-04-15 12:46:26,631 - INFO - Rebalancing on 2020-12-31
2025-04-15 12:46:26,631 - INFO - Selected assets: ['XLE', 'XLF', 'XLI', 'XLB', 'XLC', 'XLK', 'XLY', 'XLV', 'XLP', 'XLU', 'XLRE']
2025-04-15 12:46:26,631 - INFO - Portfolio weights: {'XLE': 0.09090909090909091, 'XLF': 0.09090909090909091, 'XLI': 0.09090909090909091, 'XLB': 0.09090909090909091, 'XLC': 0.09090909090909091, 'XLK': 0.09090909090909091, 'XLY': 0.09090909090909091, 'XLV': 0.09090909090909091, 'XLP': 0.09090909090909091, 'XLU': 0.09090909090909091, 'XLRE': 0.09090909090909091}
2025-04-15 12:46:26,714 - INFO - Rebalancing on 2021-03-31
2025-04-15 12:46:26,715 - INFO - Selected assets: ['XLE', 'XLF', 'XLI', 'XLB', 'XLRE', 'XLC', 'XLV', 'XLY', 'XLU', 'XLP', 'XLK']
2025-04-15 12:46:26,715 - INFO - Portfolio weights: {'XLE': 0.09090909090909091, 'XLF': 0.09090909090909091, 'XLI': 0.09090909090909091, 'XLB': 0.09090909090909091, 'XLRE': 0.09090909090909091, 'XLC': 0.09090909090909091, 'XLV': 0.09090909090909091, 'XLY': 0.09090909090909091, 'XLU': 0.09090909090909091, 'XLP': 0.09090909090909091, 'XLK': 0.09090909090909091}
2025-04-15 12:46:26,808 - INFO - Rebalancing on 2021-06-30
2025-04-15 12:46:26,808 - INFO - Selected assets: ['XLRE', 'XLK', 'XLC', 'XLE', 'XLV', 'XLY', 'XLF', 'XLB', 'XLI', 'XLP', 'XLU']
2025-04-15 12:46:26,808 - INFO - Portfolio weights: {'XLRE': 0.09090909090909091, 'XLK': 0.09090909090909091, 'XLC': 0.09090909090909091, 'XLE': 0.09090909090909091, 'XLV': 0.09090909090909091, 'XLY': 0.09090909090909091, 'XLF': 0.09090909090909091, 'XLB': 0.09090909090909091, 'XLI': 0.09090909090909091, 'XLP': 0.09090909090909091, 'XLU': 0.09090909090909091}
2025-04-15 12:46:26,910 - INFO - Rebalancing on 2021-09-30
2025-04-15 12:46:26,910 - INFO - Selected assets: ['XLF', 'XLV', 'XLU', 'XLRE', 'XLY', 'XLK', 'XLP']
2025-04-15 12:46:26,910 - INFO - Portfolio weights: {'XLF': 0.14285714285714285, 'XLV': 0.14285714285714285, 'XLU': 0.14285714285714285, 'XLRE': 0.14285714285714285, 'XLY': 0.14285714285714285, 'XLK': 0.14285714285714285, 'XLP': 0.14285714285714285}
2025-04-15 12:46:27,017 - INFO - Rebalancing on 2021-12-31
2025-04-15 12:46:27,017 - INFO - Selected assets: ['XLRE', 'XLK', 'XLB', 'XLY', 'XLU', 'XLP', 'XLV', 'XLI', 'XLE', 'XLF']
2025-04-15 12:46:27,017 - INFO - Portfolio weights: {'XLRE': 0.1, 'XLK': 0.1, 'XLB': 0.1, 'XLY': 0.1, 'XLU': 0.1, 'XLP': 0.1, 'XLV': 0.1, 'XLI': 0.1, 'XLE': 0.1, 'XLF': 0.1}
2025-04-15 12:46:27,132 - INFO - Rebalancing on 2022-03-31
2025-04-15 12:46:27,132 - INFO - Selected assets: ['XLE', 'XLU', 'XLF']
2025-04-15 12:46:27,132 - INFO - Portfolio weights: {'XLE': 0.2, 'XLU': 0.2, 'XLF': 0.2}
2025-04-15 12:46:27,254 - WARNING - No assets with positive returns found. Selecting randomly.
2025-04-15 12:46:27,254 - INFO - Rebalancing on 2022-06-30
2025-04-15 12:46:27,254 - INFO - Selected assets: ['XLRE', 'XLE', 'XLC', 'XLB', 'XLY']
2025-04-15 12:46:27,254 - INFO - Portfolio weights: {'XLRE': 0.2, 'XLE': 0.2, 'XLC': 0.2, 'XLB': 0.2, 'XLY': 0.2}
2025-04-15 12:46:27,387 - INFO - Rebalancing on 2022-09-30
2025-04-15 12:46:27,387 - INFO - Selected assets: ['XLY', 'XLE']
2025-04-15 12:46:27,387 - INFO - Portfolio weights: {'XLY': 0.2, 'XLE': 0.2}
2025-04-15 12:46:27,539 - INFO - Rebalancing on 2023-03-31
2025-04-15 12:46:27,539 - INFO - Selected assets: ['XLK', 'XLC', 'XLY', 'XLB', 'XLI', 'XLRE']
2025-04-15 12:46:27,539 - INFO - Portfolio weights: {'XLK': 0.16666666666666666, 'XLC': 0.16666666666666666, 'XLY': 0.16666666666666666, 'XLB': 0.16666666666666666, 'XLI': 0.16666666666666666, 'XLRE': 0.16666666666666666}
2025-04-15 12:46:27,690 - INFO - Rebalancing on 2023-06-30
2025-04-15 12:46:27,690 - INFO - Selected assets: ['XLK', 'XLY', 'XLC', 'XLI', 'XLF', 'XLRE', 'XLB', 'XLV', 'XLP']
2025-04-15 12:46:27,690 - INFO - Portfolio weights: {'XLK': 0.1111111111111111, 'XLY': 0.1111111111111111, 'XLC': 0.1111111111111111, 'XLI': 0.1111111111111111, 'XLF': 0.1111111111111111, 'XLRE': 0.1111111111111111, 'XLB': 0.1111111111111111, 'XLV': 0.1111111111111111, 'XLP': 0.1111111111111111}
2025-04-15 12:46:27,904 - INFO - Rebalancing on 2024-09-30
2025-04-15 12:46:27,904 - INFO - Selected assets: ['XLU', 'XLRE', 'XLI', 'XLY', 'XLB', 'XLF', 'XLP', 'XLC', 'XLV']
2025-04-15 12:46:27,904 - INFO - Portfolio weights: {'XLU': 0.1111111111111111, 'XLRE': 0.1111111111111111, 'XLI': 0.1111111111111111, 'XLY': 0.1111111111111111, 'XLB': 0.1111111111111111, 'XLF': 0.1111111111111111, 'XLP': 0.1111111111111111, 'XLC': 0.1111111111111111, 'XLV': 0.1111111111111111}
2025-04-15 12:46:28,101 - INFO - Rebalancing on 2024-12-31
2025-04-15 12:46:28,101 - INFO - Selected assets: ['XLY', 'XLC', 'XLF', 'XLK']
2025-04-15 12:46:28,101 - INFO - Portfolio weights: {'XLY': 0.2, 'XLC': 0.2, 'XLF': 0.2, 'XLK': 0.2}
2025-04-15 12:46:28,104 - INFO - Saved portfolio returns to results/models/returns_algorithm_portfolio.csv
2025-04-15 12:46:28,106 - INFO - Saved portfolio info to results/models/returns_algorithm_info.csv
2025-04-15 12:47:19,222 - INFO - Successfully loaded returns data from data/processed/sector_returns.csv
2025-04-15 12:47:19,222 - INFO - Shape: (1653, 11)
2025-04-15 12:47:19,234 - INFO - Rebalancing on 2018-12-31
2025-04-15 12:47:19,234 - INFO - Selected assets: ['XLU']
2025-04-15 12:47:19,234 - INFO - Portfolio weights: {'XLU': 0.2}
2025-04-15 12:47:19,285 - INFO - Rebalancing on 2019-09-30
2025-04-15 12:47:19,285 - INFO - Selected assets: ['XLU', 'XLRE', 'XLP', 'XLK', 'XLF', 'XLY', 'XLI', 'XLC']
2025-04-15 12:47:19,285 - INFO - Portfolio weights: {'XLU': 0.125, 'XLRE': 0.125, 'XLP': 0.125, 'XLK': 0.125, 'XLF': 0.125, 'XLY': 0.125, 'XLI': 0.125, 'XLC': 0.125}
2025-04-15 12:47:19,332 - INFO - Rebalancing on 2019-12-31
2025-04-15 12:47:19,332 - INFO - Selected assets: ['XLV', 'XLK', 'XLF', 'XLC', 'XLI', 'XLB', 'XLE', 'XLY', 'XLP', 'XLU']
2025-04-15 12:47:19,332 - INFO - Portfolio weights: {'XLV': 0.1, 'XLK': 0.1, 'XLF': 0.1, 'XLC': 0.1, 'XLI': 0.1, 'XLB': 0.1, 'XLE': 0.1, 'XLY': 0.1, 'XLP': 0.1, 'XLU': 0.1}
2025-04-15 12:47:19,388 - WARNING - No assets with positive returns found. Selecting randomly.
2025-04-15 12:47:19,388 - INFO - Rebalancing on 2020-03-31
2025-04-15 12:47:19,388 - INFO - Selected assets: ['XLY', 'XLU', 'XLF', 'XLI', 'XLV']
2025-04-15 12:47:19,388 - INFO - Portfolio weights: {'XLY': 0.2, 'XLU': 0.2, 'XLF': 0.2, 'XLI': 0.2, 'XLV': 0.2}
2025-04-15 12:47:19,449 - INFO - Rebalancing on 2020-06-30
2025-04-15 12:47:19,449 - INFO - Selected assets: ['XLE', 'XLY', 'XLK', 'XLB', 'XLC', 'XLI', 'XLV', 'XLRE', 'XLF', 'XLP']
2025-04-15 12:47:19,449 - INFO - Portfolio weights: {'XLE': 0.1, 'XLY': 0.1, 'XLK': 0.1, 'XLB': 0.1, 'XLC': 0.1, 'XLI': 0.1, 'XLV': 0.1, 'XLRE': 0.1, 'XLF': 0.1, 'XLP': 0.1}
2025-04-15 12:47:19,518 - INFO - Rebalancing on 2020-09-30
2025-04-15 12:47:19,519 - INFO - Selected assets: ['XLY', 'XLI', 'XLB', 'XLK', 'XLC', 'XLP', 'XLU', 'XLV', 'XLF', 'XLRE']
2025-04-15 12:47:19,519 - INFO - Portfolio weights: {'XLY': 0.1, 'XLI': 0.1, 'XLB': 0.1, 'XLK': 0.1, 'XLC': 0.1, 'XLP': 0.1, 'XLU': 0.1, 'XLV': 0.1, 'XLF': 0.1, 'XLRE': 0.1}
2025-04-15 12:47:19,596 - INFO - Rebalancing on 2020-12-31
2025-04-15 12:47:19,596 - INFO - Selected assets: ['XLE', 'XLF', 'XLI', 'XLB', 'XLC', 'XLK', 'XLY', 'XLV', 'XLP', 'XLU', 'XLRE']
2025-04-15 12:47:19,596 - INFO - Portfolio weights: {'XLE': 0.09090909090909091, 'XLF': 0.09090909090909091, 'XLI': 0.09090909090909091, 'XLB': 0.09090909090909091, 'XLC': 0.09090909090909091, 'XLK': 0.09090909090909091, 'XLY': 0.09090909090909091, 'XLV': 0.09090909090909091, 'XLP': 0.09090909090909091, 'XLU': 0.09090909090909091, 'XLRE': 0.09090909090909091}
2025-04-15 12:47:19,680 - INFO - Rebalancing on 2021-03-31
2025-04-15 12:47:19,680 - INFO - Selected assets: ['XLE', 'XLF', 'XLI', 'XLB', 'XLRE', 'XLC', 'XLV', 'XLY', 'XLU', 'XLP', 'XLK']
2025-04-15 12:47:19,680 - INFO - Portfolio weights: {'XLE': 0.09090909090909091, 'XLF': 0.09090909090909091, 'XLI': 0.09090909090909091, 'XLB': 0.09090909090909091, 'XLRE': 0.09090909090909091, 'XLC': 0.09090909090909091, 'XLV': 0.09090909090909091, 'XLY': 0.09090909090909091, 'XLU': 0.09090909090909091, 'XLP': 0.09090909090909091, 'XLK': 0.09090909090909091}
2025-04-15 12:47:19,772 - INFO - Rebalancing on 2021-06-30
2025-04-15 12:47:19,772 - INFO - Selected assets: ['XLRE', 'XLK', 'XLC', 'XLE', 'XLV', 'XLY', 'XLF', 'XLB', 'XLI', 'XLP', 'XLU']
2025-04-15 12:47:19,772 - INFO - Portfolio weights: {'XLRE': 0.09090909090909091, 'XLK': 0.09090909090909091, 'XLC': 0.09090909090909091, 'XLE': 0.09090909090909091, 'XLV': 0.09090909090909091, 'XLY': 0.09090909090909091, 'XLF': 0.09090909090909091, 'XLB': 0.09090909090909091, 'XLI': 0.09090909090909091, 'XLP': 0.09090909090909091, 'XLU': 0.09090909090909091}
2025-04-15 12:47:19,873 - INFO - Rebalancing on 2021-09-30
2025-04-15 12:47:19,873 - INFO - Selected assets: ['XLF', 'XLV', 'XLU', 'XLRE', 'XLY', 'XLK', 'XLP']
2025-04-15 12:47:19,873 - INFO - Portfolio weights: {'XLF': 0.14285714285714285, 'XLV': 0.14285714285714285, 'XLU': 0.14285714285714285, 'XLRE': 0.14285714285714285, 'XLY': 0.14285714285714285, 'XLK': 0.14285714285714285, 'XLP': 0.14285714285714285}
2025-04-15 12:47:19,980 - INFO - Rebalancing on 2021-12-31
2025-04-15 12:47:19,980 - INFO - Selected assets: ['XLRE', 'XLK', 'XLB', 'XLY', 'XLU', 'XLP', 'XLV', 'XLI', 'XLE', 'XLF']
2025-04-15 12:47:19,980 - INFO - Portfolio weights: {'XLRE': 0.1, 'XLK': 0.1, 'XLB': 0.1, 'XLY': 0.1, 'XLU': 0.1, 'XLP': 0.1, 'XLV': 0.1, 'XLI': 0.1, 'XLE': 0.1, 'XLF': 0.1}
2025-04-15 12:47:20,095 - INFO - Rebalancing on 2022-03-31
2025-04-15 12:47:20,095 - INFO - Selected assets: ['XLE', 'XLU', 'XLF']
2025-04-15 12:47:20,095 - INFO - Portfolio weights: {'XLE': 0.2, 'XLU': 0.2, 'XLF': 0.2}
2025-04-15 12:47:20,218 - WARNING - No assets with positive returns found. Selecting randomly.
2025-04-15 12:47:20,218 - INFO - Rebalancing on 2022-06-30
2025-04-15 12:47:20,218 - INFO - Selected assets: ['XLC', 'XLP', 'XLRE', 'XLK', 'XLU']
2025-04-15 12:47:20,218 - INFO - Portfolio weights: {'XLC': 0.2, 'XLP': 0.2, 'XLRE': 0.2, 'XLK': 0.2, 'XLU': 0.2}
2025-04-15 12:47:20,348 - INFO - Rebalancing on 2022-09-30
2025-04-15 12:47:20,348 - INFO - Selected assets: ['XLY', 'XLE']
2025-04-15 12:47:20,348 - INFO - Portfolio weights: {'XLY': 0.2, 'XLE': 0.2}
2025-04-15 12:47:20,496 - INFO - Rebalancing on 2023-03-31
2025-04-15 12:47:20,496 - INFO - Selected assets: ['XLK', 'XLC', 'XLY', 'XLB', 'XLI', 'XLRE']
2025-04-15 12:47:20,496 - INFO - Portfolio weights: {'XLK': 0.16666666666666666, 'XLC': 0.16666666666666666, 'XLY': 0.16666666666666666, 'XLB': 0.16666666666666666, 'XLI': 0.16666666666666666, 'XLRE': 0.16666666666666666}
2025-04-15 12:47:20,647 - INFO - Rebalancing on 2023-06-30
2025-04-15 12:47:20,647 - INFO - Selected assets: ['XLK', 'XLY', 'XLC', 'XLI', 'XLF', 'XLRE', 'XLB', 'XLV', 'XLP']
2025-04-15 12:47:20,647 - INFO - Portfolio weights: {'XLK': 0.1111111111111111, 'XLY': 0.1111111111111111, 'XLC': 0.1111111111111111, 'XLI': 0.1111111111111111, 'XLF': 0.1111111111111111, 'XLRE': 0.1111111111111111, 'XLB': 0.1111111111111111, 'XLV': 0.1111111111111111, 'XLP': 0.1111111111111111}
2025-04-15 12:47:20,861 - INFO - Rebalancing on 2024-09-30
2025-04-15 12:47:20,861 - INFO - Selected assets: ['XLU', 'XLRE', 'XLI', 'XLY', 'XLB', 'XLF', 'XLP', 'XLC', 'XLV']
2025-04-15 12:47:20,861 - INFO - Portfolio weights: {'XLU': 0.1111111111111111, 'XLRE': 0.1111111111111111, 'XLI': 0.1111111111111111, 'XLY': 0.1111111111111111, 'XLB': 0.1111111111111111, 'XLF': 0.1111111111111111, 'XLP': 0.1111111111111111, 'XLC': 0.1111111111111111, 'XLV': 0.1111111111111111}
2025-04-15 12:47:21,059 - INFO - Rebalancing on 2024-12-31
2025-04-15 12:47:21,059 - INFO - Selected assets: ['XLY', 'XLC', 'XLF', 'XLK']
2025-04-15 12:47:21,059 - INFO - Portfolio weights: {'XLY': 0.2, 'XLC': 0.2, 'XLF': 0.2, 'XLK': 0.2}
2025-04-15 12:47:21,062 - INFO - Saved portfolio returns to results/models/returns_algorithm_portfolio.csv
2025-04-15 12:47:21,065 - INFO - Saved portfolio info to results/models/returns_algorithm_info.csv
2025-04-15 12:50:05,000 - INFO - Successfully loaded returns data from data/processed/sector_returns.csv
2025-04-15 12:50:05,000 - INFO - Shape: (1653, 11)
2025-04-15 12:50:05,013 - INFO - Rebalancing on 2018-12-31
2025-04-15 12:50:05,014 - INFO - Selected assets: ['XLU', 'XLRE', 'XLP', 'XLV', 'XLB', 'XLF', 'XLC', 'XLY', 'XLK', 'XLI', 'XLE']
2025-04-15 12:50:05,014 - INFO - Portfolio weights: {'XLU': 0.09090909090909091, 'XLRE': 0.09090909090909091, 'XLP': 0.09090909090909091, 'XLV': 0.09090909090909091, 'XLB': 0.09090909090909091, 'XLF': 0.09090909090909091, 'XLC': 0.09090909090909091, 'XLY': 0.09090909090909091, 'XLK': 0.09090909090909091, 'XLI': 0.09090909090909091, 'XLE': 0.09090909090909091}
2025-04-15 12:50:05,066 - INFO - Rebalancing on 2019-09-30
2025-04-15 12:50:05,066 - INFO - Selected assets: ['XLU', 'XLRE', 'XLP', 'XLK', 'XLF', 'XLY', 'XLI', 'XLC', 'XLB', 'XLV', 'XLE']
2025-04-15 12:50:05,066 - INFO - Portfolio weights: {'XLU': 0.09090909090909091, 'XLRE': 0.09090909090909091, 'XLP': 0.09090909090909091, 'XLK': 0.09090909090909091, 'XLF': 0.09090909090909091, 'XLY': 0.09090909090909091, 'XLI': 0.09090909090909091, 'XLC': 0.09090909090909091, 'XLB': 0.09090909090909091, 'XLV': 0.09090909090909091, 'XLE': 0.09090909090909091}
2025-04-15 12:50:05,114 - INFO - Rebalancing on 2019-12-31
2025-04-15 12:50:05,114 - INFO - Selected assets: ['XLV', 'XLK', 'XLF', 'XLC', 'XLI', 'XLB', 'XLE', 'XLY', 'XLP', 'XLU', 'XLRE']
2025-04-15 12:50:05,114 - INFO - Portfolio weights: {'XLV': 0.09090909090909091, 'XLK': 0.09090909090909091, 'XLF': 0.09090909090909091, 'XLC': 0.09090909090909091, 'XLI': 0.09090909090909091, 'XLB': 0.09090909090909091, 'XLE': 0.09090909090909091, 'XLY': 0.09090909090909091, 'XLP': 0.09090909090909091, 'XLU': 0.09090909090909091, 'XLRE': 0.09090909090909091}
2025-04-15 12:50:05,169 - INFO - Rebalancing on 2020-03-31
2025-04-15 12:50:05,169 - INFO - Selected assets: ['XLU', 'XLK', 'XLP', 'XLV', 'XLRE', 'XLC', 'XLY', 'XLB', 'XLI', 'XLF', 'XLE']
2025-04-15 12:50:05,169 - INFO - Portfolio weights: {'XLU': 0.09090909090909091, 'XLK': 0.09090909090909091, 'XLP': 0.09090909090909091, 'XLV': 0.09090909090909091, 'XLRE': 0.09090909090909091, 'XLC': 0.09090909090909091, 'XLY': 0.09090909090909091, 'XLB': 0.09090909090909091, 'XLI': 0.09090909090909091, 'XLF': 0.09090909090909091, 'XLE': 0.09090909090909091}
2025-04-15 12:50:05,230 - INFO - Rebalancing on 2020-06-30
2025-04-15 12:50:05,230 - INFO - Selected assets: ['XLE', 'XLY', 'XLK', 'XLB', 'XLC', 'XLI', 'XLV', 'XLRE', 'XLF', 'XLP', 'XLU']
2025-04-15 12:50:05,230 - INFO - Portfolio weights: {'XLE': 0.09090909090909091, 'XLY': 0.09090909090909091, 'XLK': 0.09090909090909091, 'XLB': 0.09090909090909091, 'XLC': 0.09090909090909091, 'XLI': 0.09090909090909091, 'XLV': 0.09090909090909091, 'XLRE': 0.09090909090909091, 'XLF': 0.09090909090909091, 'XLP': 0.09090909090909091, 'XLU': 0.09090909090909091}
2025-04-15 12:50:05,300 - INFO - Rebalancing on 2020-09-30
2025-04-15 12:50:05,300 - INFO - Selected assets: ['XLY', 'XLI', 'XLB', 'XLK', 'XLC', 'XLP', 'XLU', 'XLV', 'XLF', 'XLRE', 'XLE']
2025-04-15 12:50:05,300 - INFO - Portfolio weights: {'XLY': 0.09090909090909091, 'XLI': 0.09090909090909091, 'XLB': 0.09090909090909091, 'XLK': 0.09090909090909091, 'XLC': 0.09090909090909091, 'XLP': 0.09090909090909091, 'XLU': 0.09090909090909091, 'XLV': 0.09090909090909091, 'XLF': 0.09090909090909091, 'XLRE': 0.09090909090909091, 'XLE': 0.09090909090909091}
2025-04-15 12:50:05,377 - INFO - Rebalancing on 2020-12-31
2025-04-15 12:50:05,377 - INFO - Selected assets: ['XLE', 'XLF', 'XLI', 'XLB', 'XLC', 'XLK', 'XLY', 'XLV', 'XLP', 'XLU', 'XLRE']
2025-04-15 12:50:05,377 - INFO - Portfolio weights: {'XLE': 0.09090909090909091, 'XLF': 0.09090909090909091, 'XLI': 0.09090909090909091, 'XLB': 0.09090909090909091, 'XLC': 0.09090909090909091, 'XLK': 0.09090909090909091, 'XLY': 0.09090909090909091, 'XLV': 0.09090909090909091, 'XLP': 0.09090909090909091, 'XLU': 0.09090909090909091, 'XLRE': 0.09090909090909091}
2025-04-15 12:50:05,462 - INFO - Rebalancing on 2021-03-31
2025-04-15 12:50:05,462 - INFO - Selected assets: ['XLE', 'XLF', 'XLI', 'XLB', 'XLRE', 'XLC', 'XLV', 'XLY', 'XLU', 'XLP', 'XLK']
2025-04-15 12:50:05,462 - INFO - Portfolio weights: {'XLE': 0.09090909090909091, 'XLF': 0.09090909090909091, 'XLI': 0.09090909090909091, 'XLB': 0.09090909090909091, 'XLRE': 0.09090909090909091, 'XLC': 0.09090909090909091, 'XLV': 0.09090909090909091, 'XLY': 0.09090909090909091, 'XLU': 0.09090909090909091, 'XLP': 0.09090909090909091, 'XLK': 0.09090909090909091}
2025-04-15 12:50:05,554 - INFO - Rebalancing on 2021-06-30
2025-04-15 12:50:05,554 - INFO - Selected assets: ['XLRE', 'XLK', 'XLC', 'XLE', 'XLV', 'XLY', 'XLF', 'XLB', 'XLI', 'XLP', 'XLU']
2025-04-15 12:50:05,554 - INFO - Portfolio weights: {'XLRE': 0.09090909090909091, 'XLK': 0.09090909090909091, 'XLC': 0.09090909090909091, 'XLE': 0.09090909090909091, 'XLV': 0.09090909090909091, 'XLY': 0.09090909090909091, 'XLF': 0.09090909090909091, 'XLB': 0.09090909090909091, 'XLI': 0.09090909090909091, 'XLP': 0.09090909090909091, 'XLU': 0.09090909090909091}
2025-04-15 12:50:05,654 - INFO - Rebalancing on 2021-09-30
2025-04-15 12:50:05,654 - INFO - Selected assets: ['XLF', 'XLV', 'XLU', 'XLRE', 'XLY', 'XLK', 'XLP', 'XLC', 'XLE', 'XLB', 'XLI']
2025-04-15 12:50:05,654 - INFO - Portfolio weights: {'XLF': 0.09090909090909091, 'XLV': 0.09090909090909091, 'XLU': 0.09090909090909091, 'XLRE': 0.09090909090909091, 'XLY': 0.09090909090909091, 'XLK': 0.09090909090909091, 'XLP': 0.09090909090909091, 'XLC': 0.09090909090909091, 'XLE': 0.09090909090909091, 'XLB': 0.09090909090909091, 'XLI': 0.09090909090909091}
2025-04-15 12:50:05,761 - INFO - Rebalancing on 2021-12-31
2025-04-15 12:50:05,761 - INFO - Selected assets: ['XLRE', 'XLK', 'XLB', 'XLY', 'XLU', 'XLP', 'XLV', 'XLI', 'XLE', 'XLF', 'XLC']
2025-04-15 12:50:05,761 - INFO - Portfolio weights: {'XLRE': 0.09090909090909091, 'XLK': 0.09090909090909091, 'XLB': 0.09090909090909091, 'XLY': 0.09090909090909091, 'XLU': 0.09090909090909091, 'XLP': 0.09090909090909091, 'XLV': 0.09090909090909091, 'XLI': 0.09090909090909091, 'XLE': 0.09090909090909091, 'XLF': 0.09090909090909091, 'XLC': 0.09090909090909091}
2025-04-15 12:50:05,875 - INFO - Rebalancing on 2022-03-31
2025-04-15 12:50:05,875 - INFO - Selected assets: ['XLE', 'XLU', 'XLF', 'XLP', 'XLI', 'XLB', 'XLV', 'XLRE', 'XLK', 'XLY', 'XLC']
2025-04-15 12:50:05,875 - INFO - Portfolio weights: {'XLE': 0.09090909090909091, 'XLU': 0.09090909090909091, 'XLF': 0.09090909090909091, 'XLP': 0.09090909090909091, 'XLI': 0.09090909090909091, 'XLB': 0.09090909090909091, 'XLV': 0.09090909090909091, 'XLRE': 0.09090909090909091, 'XLK': 0.09090909090909091, 'XLY': 0.09090909090909091, 'XLC': 0.09090909090909091}
2025-04-15 12:50:05,996 - INFO - Rebalancing on 2022-06-30
2025-04-15 12:50:05,996 - INFO - Selected assets: ['XLE', 'XLP', 'XLU', 'XLV', 'XLRE', 'XLB', 'XLI', 'XLF', 'XLK', 'XLC', 'XLY']
2025-04-15 12:50:05,996 - INFO - Portfolio weights: {'XLE': 0.09090909090909091, 'XLP': 0.09090909090909091, 'XLU': 0.09090909090909091, 'XLV': 0.09090909090909091, 'XLRE': 0.09090909090909091, 'XLB': 0.09090909090909091, 'XLI': 0.09090909090909091, 'XLF': 0.09090909090909091, 'XLK': 0.09090909090909091, 'XLC': 0.09090909090909091, 'XLY': 0.09090909090909091}
2025-04-15 12:50:06,126 - INFO - Rebalancing on 2022-09-30
2025-04-15 12:50:06,126 - INFO - Selected assets: ['XLY', 'XLE', 'XLF', 'XLI', 'XLV', 'XLU', 'XLK', 'XLP', 'XLB', 'XLC', 'XLRE']
2025-04-15 12:50:06,126 - INFO - Portfolio weights: {'XLY': 0.09090909090909091, 'XLE': 0.09090909090909091, 'XLF': 0.09090909090909091, 'XLI': 0.09090909090909091, 'XLV': 0.09090909090909091, 'XLU': 0.09090909090909091, 'XLK': 0.09090909090909091, 'XLP': 0.09090909090909091, 'XLB': 0.09090909090909091, 'XLC': 0.09090909090909091, 'XLRE': 0.09090909090909091}
2025-04-15 12:50:06,286 - INFO - Rebalancing on 2023-03-31
2025-04-15 12:50:06,286 - INFO - Selected assets: ['XLK', 'XLC', 'XLY', 'XLB', 'XLI', 'XLRE', 'XLP', 'XLE', 'XLU', 'XLV', 'XLF']
2025-04-15 12:50:06,286 - INFO - Portfolio weights: {'XLK': 0.09090909090909091, 'XLC': 0.09090909090909091, 'XLY': 0.09090909090909091, 'XLB': 0.09090909090909091, 'XLI': 0.09090909090909091, 'XLRE': 0.09090909090909091, 'XLP': 0.09090909090909091, 'XLE': 0.09090909090909091, 'XLU': 0.09090909090909091, 'XLV': 0.09090909090909091, 'XLF': 0.09090909090909091}
2025-04-15 12:50:06,439 - INFO - Rebalancing on 2023-06-30
2025-04-15 12:50:06,439 - INFO - Selected assets: ['XLK', 'XLY', 'XLC', 'XLI', 'XLF', 'XLRE', 'XLB', 'XLV', 'XLP', 'XLE', 'XLU']
2025-04-15 12:50:06,439 - INFO - Portfolio weights: {'XLK': 0.09090909090909091, 'XLY': 0.09090909090909091, 'XLC': 0.09090909090909091, 'XLI': 0.09090909090909091, 'XLF': 0.09090909090909091, 'XLRE': 0.09090909090909091, 'XLB': 0.09090909090909091, 'XLV': 0.09090909090909091, 'XLP': 0.09090909090909091, 'XLE': 0.09090909090909091, 'XLU': 0.09090909090909091}
2025-04-15 12:50:06,655 - INFO - Rebalancing on 2024-09-30
2025-04-15 12:50:06,655 - INFO - Selected assets: ['XLU', 'XLRE', 'XLI', 'XLY', 'XLB', 'XLF', 'XLP', 'XLC', 'XLV', 'XLK', 'XLE']
2025-04-15 12:50:06,655 - INFO - Portfolio weights: {'XLU': 0.09090909090909091, 'XLRE': 0.09090909090909091, 'XLI': 0.09090909090909091, 'XLY': 0.09090909090909091, 'XLB': 0.09090909090909091, 'XLF': 0.09090909090909091, 'XLP': 0.09090909090909091, 'XLC': 0.09090909090909091, 'XLV': 0.09090909090909091, 'XLK': 0.09090909090909091, 'XLE': 0.09090909090909091}
2025-04-15 12:50:06,854 - INFO - Rebalancing on 2024-12-31
2025-04-15 12:50:06,854 - INFO - Selected assets: ['XLY', 'XLC', 'XLF', 'XLK', 'XLI', 'XLE', 'XLP', 'XLU', 'XLRE', 'XLV', 'XLB']
2025-04-15 12:50:06,854 - INFO - Portfolio weights: {'XLY': 0.09090909090909091, 'XLC': 0.09090909090909091, 'XLF': 0.09090909090909091, 'XLK': 0.09090909090909091, 'XLI': 0.09090909090909091, 'XLE': 0.09090909090909091, 'XLP': 0.09090909090909091, 'XLU': 0.09090909090909091, 'XLRE': 0.09090909090909091, 'XLV': 0.09090909090909091, 'XLB': 0.09090909090909091}
2025-04-15 12:50:06,857 - INFO - Saved portfolio returns to results/models/returns_algorithm_portfolio.csv
2025-04-15 12:50:06,859 - INFO - Saved portfolio info to results/models/returns_algorithm_info.csv
