2025-04-15 17:33:08,793 - INFO - Successfully loaded returns data from data/processed/sector_returns.csv
2025-04-15 17:33:08,793 - INFO - Shape: (1653, 11)
2025-04-15 17:33:08,806 - INFO - Rebalancing on 2018-12-31
2025-04-15 17:33:08,806 - INFO - Selected assets: ['XLU', 'XLRE', 'XLP', 'XLV', 'XLB']
2025-04-15 17:33:08,806 - INFO - Portfolio weights: {'XLU': 0.4, 'XLRE': 0.25, 'XLP': 0.2, 'XLV': 0.1, 'XLB': 0.05}
2025-04-15 17:33:08,806 - INFO - Selected returns: {'XLU': 0.02676262018486608, 'XLRE': -0.028151631548409273, 'XLP': -0.05231659855307835, 'XLV': -0.09722772261673218, 'XLB': -0.13506196531603554}
2025-04-15 17:33:08,806 - INFO - Near miss assets: ['XLF', 'XLC', 'XLY']
2025-04-15 17:33:08,806 - INFO - Near miss returns: {'XLF': -0.14829253333730485, 'XLC': -0.15912565264695644, 'XLY': -0.1617461644355339}
2025-04-15 17:33:08,866 - INFO - Rebalancing on 2019-09-30
2025-04-15 17:33:08,866 - INFO - Selected assets: ['XLU', 'XLRE', 'XLP', 'XLK', 'XLF']
2025-04-15 17:33:08,866 - INFO - Portfolio weights: {'XLU': 0.4, 'XLRE': 0.25, 'XLP': 0.2, 'XLK': 0.1, 'XLF': 0.05}
2025-04-15 17:33:08,866 - INFO - Selected returns: {'XLU': 0.09341531334379227, 'XLRE': 0.0756872738621106, 'XLP': 0.058749756691367505, 'XLK': 0.02432444907403486, 'XLF': 0.02221360646116799}
2025-04-15 17:33:08,866 - INFO - Near miss assets: ['XLY', 'XLI', 'XLC']
2025-04-15 17:33:08,866 - INFO - Near miss returns: {'XLY': 0.007273378554419008, 'XLI': 0.006598419407401135, 'XLC': 0.0033507099648388827}
2025-04-15 17:33:08,915 - INFO - Rebalancing on 2019-12-31
2025-04-15 17:33:08,915 - INFO - Selected assets: ['XLV', 'XLK', 'XLF', 'XLC', 'XLI']
2025-04-15 17:33:08,915 - INFO - Portfolio weights: {'XLV': 0.4, 'XLK': 0.25, 'XLF': 0.2, 'XLC': 0.1, 'XLI': 0.05}
2025-04-15 17:33:08,915 - INFO - Selected returns: {'XLV': 0.1399691877278213, 'XLK': 0.13843410685300794, 'XLF': 0.10129217181326045, 'XLC': 0.08332979107690752, 'XLI': 0.05532980941967591}
2025-04-15 17:33:08,915 - INFO - Near miss assets: ['XLB', 'XLE', 'XLY']
2025-04-15 17:33:08,915 - INFO - Near miss returns: {'XLB': 0.053369667905938334, 'XLE': 0.048737654384071405, 'XLY': 0.041034872182332816}
2025-04-15 17:33:08,971 - INFO - Rebalancing on 2020-03-31
2025-04-15 17:33:08,971 - INFO - Selected assets: ['XLU', 'XLK', 'XLP', 'XLV', 'XLRE']
2025-04-15 17:33:08,971 - INFO - Portfolio weights: {'XLU': 0.4, 'XLK': 0.25, 'XLP': 0.2, 'XLV': 0.1, 'XLRE': 0.05}
2025-04-15 17:33:08,971 - INFO - Selected returns: {'XLU': -0.09415893187263724, 'XLK': -0.10425777974963046, 'XLP': -0.1159142487456778, 'XLV': -0.12585987275114074, 'XLRE': -0.16055344180989084}
2025-04-15 17:33:08,971 - INFO - Near miss assets: ['XLC', 'XLY', 'XLB']
2025-04-15 17:33:08,971 - INFO - Near miss returns: {'XLC': -0.1783165680397707, 'XLY': -0.20201754831646213, 'XLB': -0.2482805720353234}
2025-04-15 17:33:09,036 - INFO - Rebalancing on 2020-06-30
2025-04-15 17:33:09,036 - INFO - Selected assets: ['XLE', 'XLY', 'XLK', 'XLB', 'XLC']
2025-04-15 17:33:09,036 - INFO - Portfolio weights: {'XLE': 0.4, 'XLY': 0.25, 'XLK': 0.2, 'XLB': 0.1, 'XLC': 0.05}
2025-04-15 17:33:09,036 - INFO - Selected returns: {'XLE': 0.3093801654888966, 'XLY': 0.26267445009019363, 'XLK': 0.25681202225012334, 'XLB': 0.22301747718065013, 'XLC': 0.20821299680800798}
2025-04-15 17:33:09,036 - INFO - Near miss assets: ['XLI', 'XLV', 'XLRE']
2025-04-15 17:33:09,036 - INFO - Near miss returns: {'XLI': 0.1483392624575639, 'XLV': 0.11056268643831757, 'XLRE': 0.07976500115160334}
2025-04-15 17:33:09,108 - INFO - Rebalancing on 2020-09-30
2025-04-15 17:33:09,108 - INFO - Selected assets: ['XLY', 'XLI', 'XLB', 'XLK', 'XLC']
2025-04-15 17:33:09,108 - INFO - Portfolio weights: {'XLY': 0.4, 'XLI': 0.25, 'XLB': 0.2, 'XLK': 0.1, 'XLC': 0.05}
2025-04-15 17:33:09,108 - INFO - Selected returns: {'XLY': 0.1440033754949135, 'XLI': 0.12780135762792266, 'XLB': 0.12327674253959398, 'XLK': 0.11002346717466827, 'XLC': 0.10076920408770951}
2025-04-15 17:33:09,108 - INFO - Near miss assets: ['XLP', 'XLU', 'XLV']
2025-04-15 17:33:09,108 - INFO - Near miss returns: {'XLP': 0.08641019678576378, 'XLU': 0.051854156294315334, 'XLV': 0.04159914111167318}
2025-04-15 17:33:09,186 - INFO - Rebalancing on 2020-12-31
2025-04-15 17:33:09,186 - INFO - Selected assets: ['XLE', 'XLF', 'XLI', 'XLB', 'XLC']
2025-04-15 17:33:09,186 - INFO - Portfolio weights: {'XLE': 0.4, 'XLF': 0.25, 'XLI': 0.2, 'XLB': 0.1, 'XLC': 0.05}
2025-04-15 17:33:09,186 - INFO - Selected returns: {'XLE': 0.29319408983849726, 'XLF': 0.2162940985834294, 'XLI': 0.14970903920728795, 'XLB': 0.1387538438012874, 'XLC': 0.1287355853147989}
2025-04-15 17:33:09,186 - INFO - Near miss assets: ['XLK', 'XLY', 'XLV']
2025-04-15 17:33:09,186 - INFO - Near miss returns: {'XLK': 0.11510160885246012, 'XLY': 0.09530462181056354, 'XLV': 0.06866554702961092}
2025-04-15 17:33:09,275 - INFO - Rebalancing on 2021-03-31
2025-04-15 17:33:09,275 - INFO - Selected assets: ['XLE', 'XLF', 'XLI', 'XLB', 'XLRE']
2025-04-15 17:33:09,275 - INFO - Portfolio weights: {'XLE': 0.4, 'XLF': 0.25, 'XLI': 0.2, 'XLB': 0.1, 'XLRE': 0.05}
2025-04-15 17:33:09,275 - INFO - Selected returns: {'XLE': 0.3179553786365339, 'XLF': 0.18467069830911886, 'XLI': 0.12443514883252305, 'XLB': 0.11534935571310179, 'XLRE': 0.10624064341315553}
2025-04-15 17:33:09,275 - INFO - Near miss assets: ['XLC', 'XLV', 'XLY']
2025-04-15 17:33:09,275 - INFO - Near miss returns: {'XLC': 0.08464101360625009, 'XLV': 0.0462135765070657, 'XLY': 0.04606041056937049}
2025-04-15 17:33:09,370 - INFO - Rebalancing on 2021-06-30
2025-04-15 17:33:09,370 - INFO - Selected assets: ['XLRE', 'XLK', 'XLC', 'XLE', 'XLV']
2025-04-15 17:33:09,370 - INFO - Portfolio weights: {'XLRE': 0.4, 'XLK': 0.25, 'XLC': 0.2, 'XLE': 0.1, 'XLV': 0.05}
2025-04-15 17:33:09,370 - INFO - Selected returns: {'XLRE': 0.13415143428978604, 'XLK': 0.13280043678524533, 'XLC': 0.11277323052778288, 'XLE': 0.0881336134699926, 'XLV': 0.08593101204685172}
2025-04-15 17:33:09,370 - INFO - Near miss assets: ['XLY', 'XLF', 'XLB']
2025-04-15 17:33:09,370 - INFO - Near miss returns: {'XLY': 0.07138367059119788, 'XLF': 0.06892147282945382, 'XLB': 0.04112084030421892}
2025-04-15 17:33:09,472 - INFO - Rebalancing on 2021-09-30
2025-04-15 17:33:09,472 - INFO - Selected assets: ['XLF', 'XLV', 'XLU', 'XLRE', 'XLY']
2025-04-15 17:33:09,472 - INFO - Portfolio weights: {'XLF': 0.4, 'XLV': 0.25, 'XLU': 0.2, 'XLRE': 0.1, 'XLY': 0.05}
2025-04-15 17:33:09,472 - INFO - Selected returns: {'XLF': 0.0437470732191898, 'XLV': 0.026869083024963603, 'XLU': 0.02605641555085958, 'XLRE': 0.02465712739706194, 'XLY': 0.02359572668516141}
2025-04-15 17:33:09,472 - INFO - Near miss assets: ['XLK', 'XLP', 'XLC']
2025-04-15 17:33:09,472 - INFO - Near miss returns: {'XLK': 0.02034758164705397, 'XLP': 0.008102019804204774, 'XLC': -0.005835724141475818}
2025-04-15 17:33:09,583 - INFO - Rebalancing on 2021-12-31
2025-04-15 17:33:09,583 - INFO - Selected assets: ['XLRE', 'XLK', 'XLB', 'XLY', 'XLU']
2025-04-15 17:33:09,583 - INFO - Portfolio weights: {'XLRE': 0.4, 'XLK': 0.25, 'XLB': 0.2, 'XLY': 0.1, 'XLU': 0.05}
2025-04-15 17:33:09,583 - INFO - Selected returns: {'XLRE': 0.17306584866627328, 'XLK': 0.17231811380019346, 'XLB': 0.14608960731499665, 'XLY': 0.14369979469450156, 'XLU': 0.12540183346784484}
2025-04-15 17:33:09,583 - INFO - Near miss assets: ['XLP', 'XLV', 'XLI']
2025-04-15 17:33:09,583 - INFO - Near miss returns: {'XLP': 0.12020702936461647, 'XLV': 0.115740456453304, 'XLI': 0.08092244093203083}
2025-04-15 17:33:09,701 - INFO - Rebalancing on 2022-03-31
2025-04-15 17:33:09,701 - INFO - Selected assets: ['XLE', 'XLU', 'XLF', 'XLP', 'XLI']
2025-04-15 17:33:09,701 - INFO - Portfolio weights: {'XLE': 0.4, 'XLU': 0.25, 'XLF': 0.2, 'XLP': 0.1, 'XLI': 0.05}
2025-04-15 17:33:09,701 - INFO - Selected returns: {'XLE': 0.4045104911185533, 'XLU': 0.055833130567993994, 'XLF': 0.0046811633495589255, 'XLP': -0.005400918603356675, 'XLI': -0.007585036977036386}
2025-04-15 17:33:09,701 - INFO - Near miss assets: ['XLB', 'XLV', 'XLRE']
2025-04-15 17:33:09,701 - INFO - Near miss returns: {'XLB': -0.00942873245719511, 'XLV': -0.01719892671302714, 'XLRE': -0.045271610434072684}
2025-04-15 17:33:09,826 - INFO - Rebalancing on 2022-06-30
2025-04-15 17:33:09,826 - INFO - Selected assets: ['XLE', 'XLP', 'XLU', 'XLV', 'XLRE']
2025-04-15 17:33:09,826 - INFO - Portfolio weights: {'XLE': 0.4, 'XLP': 0.25, 'XLU': 0.2, 'XLV': 0.1, 'XLRE': 0.05}
2025-04-15 17:33:09,826 - INFO - Selected returns: {'XLE': -0.03564990624146436, 'XLP': -0.044045835240246856, 'XLU': -0.05430735573909351, 'XLV': -0.06516555870281704, 'XLRE': -0.16225116210701795}
2025-04-15 17:33:09,826 - INFO - Near miss assets: ['XLB', 'XLI', 'XLF']
2025-04-15 17:33:09,826 - INFO - Near miss returns: {'XLB': -0.16337004086644213, 'XLI': -0.16481451362345878, 'XLF': -0.19242680358179998}
2025-04-15 17:33:09,960 - INFO - Rebalancing on 2022-09-30
2025-04-15 17:33:09,960 - INFO - Selected assets: ['XLY', 'XLE', 'XLF', 'XLI', 'XLV']
2025-04-15 17:33:09,960 - INFO - Portfolio weights: {'XLY': 0.4, 'XLE': 0.25, 'XLF': 0.2, 'XLI': 0.1, 'XLV': 0.05}
2025-04-15 17:33:09,960 - INFO - Selected returns: {'XLY': 0.05916679402467673, 'XLE': 0.026311590886349823, 'XLF': -0.020630355788550547, 'XLI': -0.03432783230222103, 'XLV': -0.038603502239705545}
2025-04-15 17:33:09,960 - INFO - Near miss assets: ['XLU', 'XLK', 'XLP']
2025-04-15 17:33:09,960 - INFO - Near miss returns: {'XLU': -0.04103172535719024, 'XLK': -0.04500467537075592, 'XLP': -0.05303738444962436}
2025-04-15 17:33:10,118 - INFO - Rebalancing on 2023-03-31
2025-04-15 17:33:10,118 - INFO - Selected assets: ['XLK', 'XLC', 'XLY', 'XLB', 'XLI']
2025-04-15 17:33:10,118 - INFO - Portfolio weights: {'XLK': 0.4, 'XLC': 0.25, 'XLY': 0.2, 'XLB': 0.1, 'XLI': 0.05}
2025-04-15 17:33:10,118 - INFO - Selected returns: {'XLK': 0.22876260279192429, 'XLC': 0.2218406514517588, 'XLY': 0.15709207751575316, 'XLB': 0.03004543092838796, 'XLI': 0.029462958365922498}
2025-04-15 17:33:10,118 - INFO - Near miss assets: ['XLRE', 'XLP', 'XLE']
2025-04-15 17:33:10,118 - INFO - Near miss returns: {'XLRE': 0.010430956464323682, 'XLP': -0.0017927670321852274, 'XLE': -0.033730200706298175}
2025-04-15 17:33:10,277 - INFO - Rebalancing on 2023-06-30
2025-04-15 17:33:10,277 - INFO - Selected assets: ['XLK', 'XLY', 'XLC', 'XLI', 'XLF']
2025-04-15 17:33:10,277 - INFO - Portfolio weights: {'XLK': 0.4, 'XLY': 0.25, 'XLC': 0.2, 'XLI': 0.1, 'XLF': 0.05}
2025-04-15 17:33:10,277 - INFO - Selected returns: {'XLK': 0.16530879576837787, 'XLY': 0.1636351827669209, 'XLC': 0.13998646825652727, 'XLI': 0.07210757213249352, 'XLF': 0.053339952212798636}
2025-04-15 17:33:10,277 - INFO - Near miss assets: ['XLRE', 'XLB', 'XLV']
2025-04-15 17:33:10,277 - INFO - Near miss returns: {'XLRE': 0.048480318739762884, 'XLB': 0.04658984364521035, 'XLV': 0.03548535062415703}
2025-04-15 17:33:10,496 - INFO - Rebalancing on 2024-09-30
2025-04-15 17:33:10,496 - INFO - Selected assets: ['XLU', 'XLRE', 'XLI', 'XLY', 'XLB']
2025-04-15 17:33:10,496 - INFO - Portfolio weights: {'XLU': 0.4, 'XLRE': 0.25, 'XLI': 0.2, 'XLY': 0.1, 'XLB': 0.05}
2025-04-15 17:33:10,496 - INFO - Selected returns: {'XLU': 0.1882147806802945, 'XLRE': 0.16116770724988894, 'XLI': 0.1099347543884821, 'XLY': 0.10336840457752294, 'XLB': 0.1023959962203207}
2025-04-15 17:33:10,496 - INFO - Near miss assets: ['XLF', 'XLP', 'XLC']
2025-04-15 17:33:10,496 - INFO - Near miss returns: {'XLF': 0.10225604672592703, 'XLP': 0.08985596991598155, 'XLC': 0.05397133623007755}
2025-04-15 17:33:10,701 - INFO - Rebalancing on 2024-12-31
2025-04-15 17:33:10,701 - INFO - Selected assets: ['XLY', 'XLC', 'XLF', 'XLK', 'XLI']
2025-04-15 17:33:10,701 - INFO - Portfolio weights: {'XLY': 0.4, 'XLC': 0.25, 'XLF': 0.2, 'XLK': 0.1, 'XLI': 0.05}
2025-04-15 17:33:10,701 - INFO - Selected returns: {'XLY': 0.13030098020604775, 'XLC': 0.0772400264496258, 'XLF': 0.0698564554101555, 'XLK': 0.040282566068415404, 'XLI': -0.021088220651251932}
2025-04-15 17:33:10,701 - INFO - Near miss assets: ['XLE', 'XLP', 'XLU']
2025-04-15 17:33:10,701 - INFO - Near miss returns: {'XLE': -0.02893717175214905, 'XLP': -0.04861855776336865, 'XLU': -0.05437416510569526}
2025-04-15 17:33:10,705 - INFO - Saved portfolio returns to results/models/weighted_top_five_portfolio.csv
2025-04-15 17:33:10,706 - INFO - Saved portfolio info to results/models/weighted_top_five_info.csv
2025-04-16 04:14:24,428 - INFO - Successfully loaded returns data from data/processed/sector_returns.csv
2025-04-16 04:14:24,428 - INFO - Shape: (1653, 11)
2025-04-16 04:14:24,440 - INFO - Rebalancing on 2018-12-31
2025-04-16 04:14:24,440 - INFO - Selected assets: ['XLU', 'XLRE', 'XLP', 'XLV', 'XLB']
2025-04-16 04:14:24,440 - INFO - Portfolio weights: {'XLU': 0.4, 'XLRE': 0.25, 'XLP': 0.2, 'XLV': 0.1, 'XLB': 0.05}
2025-04-16 04:14:24,440 - INFO - Selected returns: {'XLU': 0.02676262018486608, 'XLRE': -0.028151631548409273, 'XLP': -0.05231659855307835, 'XLV': -0.09722772261673218, 'XLB': -0.13506196531603554}
2025-04-16 04:14:24,440 - INFO - Near miss assets: ['XLF', 'XLC', 'XLY']
2025-04-16 04:14:24,440 - INFO - Near miss returns: {'XLF': -0.14829253333730485, 'XLC': -0.15912565264695644, 'XLY': -0.1617461644355339}
2025-04-16 04:14:24,491 - INFO - Rebalancing on 2019-09-30
2025-04-16 04:14:24,491 - INFO - Selected assets: ['XLU', 'XLRE', 'XLP', 'XLK', 'XLF']
2025-04-16 04:14:24,491 - INFO - Portfolio weights: {'XLU': 0.4, 'XLRE': 0.25, 'XLP': 0.2, 'XLK': 0.1, 'XLF': 0.05}
2025-04-16 04:14:24,491 - INFO - Selected returns: {'XLU': 0.09341531334379227, 'XLRE': 0.0756872738621106, 'XLP': 0.058749756691367505, 'XLK': 0.02432444907403486, 'XLF': 0.02221360646116799}
2025-04-16 04:14:24,491 - INFO - Near miss assets: ['XLY', 'XLI', 'XLC']
2025-04-16 04:14:24,491 - INFO - Near miss returns: {'XLY': 0.007273378554419008, 'XLI': 0.006598419407401135, 'XLC': 0.0033507099648388827}
2025-04-16 04:14:24,537 - INFO - Rebalancing on 2019-12-31
2025-04-16 04:14:24,537 - INFO - Selected assets: ['XLV', 'XLK', 'XLF', 'XLC', 'XLI']
2025-04-16 04:14:24,537 - INFO - Portfolio weights: {'XLV': 0.4, 'XLK': 0.25, 'XLF': 0.2, 'XLC': 0.1, 'XLI': 0.05}
2025-04-16 04:14:24,537 - INFO - Selected returns: {'XLV': 0.1399691877278213, 'XLK': 0.13843410685300794, 'XLF': 0.10129217181326045, 'XLC': 0.08332979107690752, 'XLI': 0.05532980941967591}
2025-04-16 04:14:24,537 - INFO - Near miss assets: ['XLB', 'XLE', 'XLY']
2025-04-16 04:14:24,537 - INFO - Near miss returns: {'XLB': 0.053369667905938334, 'XLE': 0.048737654384071405, 'XLY': 0.041034872182332816}
2025-04-16 04:14:24,590 - INFO - Rebalancing on 2020-03-31
2025-04-16 04:14:24,590 - INFO - Selected assets: ['XLU', 'XLK', 'XLP', 'XLV', 'XLRE']
2025-04-16 04:14:24,590 - INFO - Portfolio weights: {'XLU': 0.4, 'XLK': 0.25, 'XLP': 0.2, 'XLV': 0.1, 'XLRE': 0.05}
2025-04-16 04:14:24,590 - INFO - Selected returns: {'XLU': -0.09415893187263724, 'XLK': -0.10425777974963046, 'XLP': -0.1159142487456778, 'XLV': -0.12585987275114074, 'XLRE': -0.16055344180989084}
2025-04-16 04:14:24,590 - INFO - Near miss assets: ['XLC', 'XLY', 'XLB']
2025-04-16 04:14:24,590 - INFO - Near miss returns: {'XLC': -0.1783165680397707, 'XLY': -0.20201754831646213, 'XLB': -0.2482805720353234}
2025-04-16 04:14:24,650 - INFO - Rebalancing on 2020-06-30
2025-04-16 04:14:24,650 - INFO - Selected assets: ['XLE', 'XLY', 'XLK', 'XLB', 'XLC']
2025-04-16 04:14:24,650 - INFO - Portfolio weights: {'XLE': 0.4, 'XLY': 0.25, 'XLK': 0.2, 'XLB': 0.1, 'XLC': 0.05}
2025-04-16 04:14:24,650 - INFO - Selected returns: {'XLE': 0.3093801654888966, 'XLY': 0.26267445009019363, 'XLK': 0.25681202225012334, 'XLB': 0.22301747718065013, 'XLC': 0.20821299680800798}
2025-04-16 04:14:24,650 - INFO - Near miss assets: ['XLI', 'XLV', 'XLRE']
2025-04-16 04:14:24,651 - INFO - Near miss returns: {'XLI': 0.1483392624575639, 'XLV': 0.11056268643831757, 'XLRE': 0.07976500115160334}
2025-04-16 04:14:24,721 - INFO - Rebalancing on 2020-09-30
2025-04-16 04:14:24,721 - INFO - Selected assets: ['XLY', 'XLI', 'XLB', 'XLK', 'XLC']
2025-04-16 04:14:24,721 - INFO - Portfolio weights: {'XLY': 0.4, 'XLI': 0.25, 'XLB': 0.2, 'XLK': 0.1, 'XLC': 0.05}
2025-04-16 04:14:24,721 - INFO - Selected returns: {'XLY': 0.1440033754949135, 'XLI': 0.12780135762792266, 'XLB': 0.12327674253959398, 'XLK': 0.11002346717466827, 'XLC': 0.10076920408770951}
2025-04-16 04:14:24,721 - INFO - Near miss assets: ['XLP', 'XLU', 'XLV']
2025-04-16 04:14:24,721 - INFO - Near miss returns: {'XLP': 0.08641019678576378, 'XLU': 0.051854156294315334, 'XLV': 0.04159914111167318}
2025-04-16 04:14:24,798 - INFO - Rebalancing on 2020-12-31
2025-04-16 04:14:24,798 - INFO - Selected assets: ['XLE', 'XLF', 'XLI', 'XLB', 'XLC']
2025-04-16 04:14:24,798 - INFO - Portfolio weights: {'XLE': 0.4, 'XLF': 0.25, 'XLI': 0.2, 'XLB': 0.1, 'XLC': 0.05}
2025-04-16 04:14:24,798 - INFO - Selected returns: {'XLE': 0.29319408983849726, 'XLF': 0.2162940985834294, 'XLI': 0.14970903920728795, 'XLB': 0.1387538438012874, 'XLC': 0.1287355853147989}
2025-04-16 04:14:24,798 - INFO - Near miss assets: ['XLK', 'XLY', 'XLV']
2025-04-16 04:14:24,798 - INFO - Near miss returns: {'XLK': 0.11510160885246012, 'XLY': 0.09530462181056354, 'XLV': 0.06866554702961092}
2025-04-16 04:14:24,887 - INFO - Rebalancing on 2021-03-31
2025-04-16 04:14:24,887 - INFO - Selected assets: ['XLE', 'XLF', 'XLI', 'XLB', 'XLRE']
2025-04-16 04:14:24,887 - INFO - Portfolio weights: {'XLE': 0.4, 'XLF': 0.25, 'XLI': 0.2, 'XLB': 0.1, 'XLRE': 0.05}
2025-04-16 04:14:24,887 - INFO - Selected returns: {'XLE': 0.3179553786365339, 'XLF': 0.18467069830911886, 'XLI': 0.12443514883252305, 'XLB': 0.11534935571310179, 'XLRE': 0.10624064341315553}
2025-04-16 04:14:24,887 - INFO - Near miss assets: ['XLC', 'XLV', 'XLY']
2025-04-16 04:14:24,887 - INFO - Near miss returns: {'XLC': 0.08464101360625009, 'XLV': 0.0462135765070657, 'XLY': 0.04606041056937049}
2025-04-16 04:14:24,979 - INFO - Rebalancing on 2021-06-30
2025-04-16 04:14:24,980 - INFO - Selected assets: ['XLRE', 'XLK', 'XLC', 'XLE', 'XLV']
2025-04-16 04:14:24,980 - INFO - Portfolio weights: {'XLRE': 0.4, 'XLK': 0.25, 'XLC': 0.2, 'XLE': 0.1, 'XLV': 0.05}
2025-04-16 04:14:24,980 - INFO - Selected returns: {'XLRE': 0.13415143428978604, 'XLK': 0.13280043678524533, 'XLC': 0.11277323052778288, 'XLE': 0.0881336134699926, 'XLV': 0.08593101204685172}
2025-04-16 04:14:24,980 - INFO - Near miss assets: ['XLY', 'XLF', 'XLB']
2025-04-16 04:14:24,980 - INFO - Near miss returns: {'XLY': 0.07138367059119788, 'XLF': 0.06892147282945382, 'XLB': 0.04112084030421892}
2025-04-16 04:14:25,079 - INFO - Rebalancing on 2021-09-30
2025-04-16 04:14:25,080 - INFO - Selected assets: ['XLF', 'XLV', 'XLU', 'XLRE', 'XLY']
2025-04-16 04:14:25,080 - INFO - Portfolio weights: {'XLF': 0.4, 'XLV': 0.25, 'XLU': 0.2, 'XLRE': 0.1, 'XLY': 0.05}
2025-04-16 04:14:25,080 - INFO - Selected returns: {'XLF': 0.0437470732191898, 'XLV': 0.026869083024963603, 'XLU': 0.02605641555085958, 'XLRE': 0.02465712739706194, 'XLY': 0.02359572668516141}
2025-04-16 04:14:25,080 - INFO - Near miss assets: ['XLK', 'XLP', 'XLC']
2025-04-16 04:14:25,080 - INFO - Near miss returns: {'XLK': 0.02034758164705397, 'XLP': 0.008102019804204774, 'XLC': -0.005835724141475818}
2025-04-16 04:14:25,188 - INFO - Rebalancing on 2021-12-31
2025-04-16 04:14:25,188 - INFO - Selected assets: ['XLRE', 'XLK', 'XLB', 'XLY', 'XLU']
2025-04-16 04:14:25,188 - INFO - Portfolio weights: {'XLRE': 0.4, 'XLK': 0.25, 'XLB': 0.2, 'XLY': 0.1, 'XLU': 0.05}
2025-04-16 04:14:25,188 - INFO - Selected returns: {'XLRE': 0.17306584866627328, 'XLK': 0.17231811380019346, 'XLB': 0.14608960731499665, 'XLY': 0.14369979469450156, 'XLU': 0.12540183346784484}
2025-04-16 04:14:25,188 - INFO - Near miss assets: ['XLP', 'XLV', 'XLI']
2025-04-16 04:14:25,188 - INFO - Near miss returns: {'XLP': 0.12020702936461647, 'XLV': 0.115740456453304, 'XLI': 0.08092244093203083}
2025-04-16 04:14:25,302 - INFO - Rebalancing on 2022-03-31
2025-04-16 04:14:25,302 - INFO - Selected assets: ['XLE', 'XLU', 'XLF', 'XLP', 'XLI']
2025-04-16 04:14:25,302 - INFO - Portfolio weights: {'XLE': 0.4, 'XLU': 0.25, 'XLF': 0.2, 'XLP': 0.1, 'XLI': 0.05}
2025-04-16 04:14:25,302 - INFO - Selected returns: {'XLE': 0.4045104911185533, 'XLU': 0.055833130567993994, 'XLF': 0.0046811633495589255, 'XLP': -0.005400918603356675, 'XLI': -0.007585036977036386}
2025-04-16 04:14:25,302 - INFO - Near miss assets: ['XLB', 'XLV', 'XLRE']
2025-04-16 04:14:25,302 - INFO - Near miss returns: {'XLB': -0.00942873245719511, 'XLV': -0.01719892671302714, 'XLRE': -0.045271610434072684}
2025-04-16 04:14:25,422 - INFO - Rebalancing on 2022-06-30
2025-04-16 04:14:25,422 - INFO - Selected assets: ['XLE', 'XLP', 'XLU', 'XLV', 'XLRE']
2025-04-16 04:14:25,422 - INFO - Portfolio weights: {'XLE': 0.4, 'XLP': 0.25, 'XLU': 0.2, 'XLV': 0.1, 'XLRE': 0.05}
2025-04-16 04:14:25,422 - INFO - Selected returns: {'XLE': -0.03564990624146436, 'XLP': -0.044045835240246856, 'XLU': -0.05430735573909351, 'XLV': -0.06516555870281704, 'XLRE': -0.16225116210701795}
2025-04-16 04:14:25,422 - INFO - Near miss assets: ['XLB', 'XLI', 'XLF']
2025-04-16 04:14:25,422 - INFO - Near miss returns: {'XLB': -0.16337004086644213, 'XLI': -0.16481451362345878, 'XLF': -0.19242680358179998}
2025-04-16 04:14:25,551 - INFO - Rebalancing on 2022-09-30
2025-04-16 04:14:25,551 - INFO - Selected assets: ['XLY', 'XLE', 'XLF', 'XLI', 'XLV']
2025-04-16 04:14:25,551 - INFO - Portfolio weights: {'XLY': 0.4, 'XLE': 0.25, 'XLF': 0.2, 'XLI': 0.1, 'XLV': 0.05}
2025-04-16 04:14:25,551 - INFO - Selected returns: {'XLY': 0.05916679402467673, 'XLE': 0.026311590886349823, 'XLF': -0.020630355788550547, 'XLI': -0.03432783230222103, 'XLV': -0.038603502239705545}
2025-04-16 04:14:25,551 - INFO - Near miss assets: ['XLU', 'XLK', 'XLP']
2025-04-16 04:14:25,551 - INFO - Near miss returns: {'XLU': -0.04103172535719024, 'XLK': -0.04500467537075592, 'XLP': -0.05303738444962436}
2025-04-16 04:14:25,700 - INFO - Rebalancing on 2023-03-31
2025-04-16 04:14:25,700 - INFO - Selected assets: ['XLK', 'XLC', 'XLY', 'XLB', 'XLI']
2025-04-16 04:14:25,700 - INFO - Portfolio weights: {'XLK': 0.4, 'XLC': 0.25, 'XLY': 0.2, 'XLB': 0.1, 'XLI': 0.05}
2025-04-16 04:14:25,700 - INFO - Selected returns: {'XLK': 0.22876260279192429, 'XLC': 0.2218406514517588, 'XLY': 0.15709207751575316, 'XLB': 0.03004543092838796, 'XLI': 0.029462958365922498}
2025-04-16 04:14:25,700 - INFO - Near miss assets: ['XLRE', 'XLP', 'XLE']
2025-04-16 04:14:25,700 - INFO - Near miss returns: {'XLRE': 0.010430956464323682, 'XLP': -0.0017927670321852274, 'XLE': -0.033730200706298175}
2025-04-16 04:14:25,851 - INFO - Rebalancing on 2023-06-30
2025-04-16 04:14:25,851 - INFO - Selected assets: ['XLK', 'XLY', 'XLC', 'XLI', 'XLF']
2025-04-16 04:14:25,851 - INFO - Portfolio weights: {'XLK': 0.4, 'XLY': 0.25, 'XLC': 0.2, 'XLI': 0.1, 'XLF': 0.05}
2025-04-16 04:14:25,851 - INFO - Selected returns: {'XLK': 0.16530879576837787, 'XLY': 0.1636351827669209, 'XLC': 0.13998646825652727, 'XLI': 0.07210757213249352, 'XLF': 0.053339952212798636}
2025-04-16 04:14:25,851 - INFO - Near miss assets: ['XLRE', 'XLB', 'XLV']
2025-04-16 04:14:25,851 - INFO - Near miss returns: {'XLRE': 0.048480318739762884, 'XLB': 0.04658984364521035, 'XLV': 0.03548535062415703}
2025-04-16 04:14:26,065 - INFO - Rebalancing on 2024-09-30
2025-04-16 04:14:26,065 - INFO - Selected assets: ['XLU', 'XLRE', 'XLI', 'XLY', 'XLB']
2025-04-16 04:14:26,065 - INFO - Portfolio weights: {'XLU': 0.4, 'XLRE': 0.25, 'XLI': 0.2, 'XLY': 0.1, 'XLB': 0.05}
2025-04-16 04:14:26,065 - INFO - Selected returns: {'XLU': 0.1882147806802945, 'XLRE': 0.16116770724988894, 'XLI': 0.1099347543884821, 'XLY': 0.10336840457752294, 'XLB': 0.1023959962203207}
2025-04-16 04:14:26,065 - INFO - Near miss assets: ['XLF', 'XLP', 'XLC']
2025-04-16 04:14:26,065 - INFO - Near miss returns: {'XLF': 0.10225604672592703, 'XLP': 0.08985596991598155, 'XLC': 0.05397133623007755}
2025-04-16 04:14:26,258 - INFO - Rebalancing on 2024-12-31
2025-04-16 04:14:26,258 - INFO - Selected assets: ['XLY', 'XLC', 'XLF', 'XLK', 'XLI']
2025-04-16 04:14:26,258 - INFO - Portfolio weights: {'XLY': 0.4, 'XLC': 0.25, 'XLF': 0.2, 'XLK': 0.1, 'XLI': 0.05}
2025-04-16 04:14:26,258 - INFO - Selected returns: {'XLY': 0.13030098020604775, 'XLC': 0.0772400264496258, 'XLF': 0.0698564554101555, 'XLK': 0.040282566068415404, 'XLI': -0.021088220651251932}
2025-04-16 04:14:26,258 - INFO - Near miss assets: ['XLE', 'XLP', 'XLU']
2025-04-16 04:14:26,258 - INFO - Near miss returns: {'XLE': -0.02893717175214905, 'XLP': -0.04861855776336865, 'XLU': -0.05437416510569526}
2025-04-16 04:14:26,262 - INFO - Saved portfolio returns to results/models/weighted_top_five_portfolio.csv
2025-04-16 04:14:26,262 - INFO - Saved portfolio info to results/models/weighted_top_five_info.csv
